[0m[[0minfo[0m] [0mLoading global plugins from /home/matan/.sbt/0.13/plugins[0m
[0m[[0minfo[0m] [0mLoading project definition from /repos/canve/extractor/project[0m
[0m[[0minfo[0m] [0mSet current project to root (in build file:/repos/canve/extractor/)[0m
[0m[[0minfo[0m] [0mSet current project to data-normalizer (in build file:/repos/canve/extractor/)[0m
[0m[[0minfo[0m] [0mRunning org.canve.dataNormalizer.StandAloneRun integration/akka-2.4.1/canve-data[0m
[0m[[31merror[0m] [0m(run-main-0) java.lang.Exception: API usage error: cannot invoke this function on a non-existant directory (integration/akka-2.4.1/canve-data)[0m
java.lang.Exception: API usage error: cannot invoke this function on a non-existant directory (integration/akka-2.4.1/canve-data)
	at org.canve.util.CanveDataIO$.getSubDirectories(dataIO.scala:47)
	at org.canve.compilerPlugin.normalization.CrossProjectNormalizer$.normalize(CrossProjectNormalize.scala:87)
	at org.canve.dataNormalizer.StandAloneRun$.delayedEndpoint$org$canve$dataNormalizer$StandAloneRun$1(StandAloneRun.scala:11)
	at org.canve.dataNormalizer.StandAloneRun$delayedInit$body.apply(StandAloneRun.scala:3)
	at scala.Function0$class.apply$mcV$sp(Function0.scala:34)
	at scala.runtime.AbstractFunction0.apply$mcV$sp(AbstractFunction0.scala:12)
	at scala.App$$anonfun$main$1.apply(App.scala:76)
	at scala.App$$anonfun$main$1.apply(App.scala:76)
	at scala.collection.immutable.List.foreach(List.scala:381)
	at scala.collection.generic.TraversableForwarder$class.foreach(TraversableForwarder.scala:35)
	at scala.App$class.main(App.scala:76)
	at org.canve.dataNormalizer.StandAloneRun$.main(StandAloneRun.scala:3)
	at org.canve.dataNormalizer.StandAloneRun.main(StandAloneRun.scala)
	at sun.reflect.NativeMethodAccessorImpl.invoke0(Native Method)
	at sun.reflect.NativeMethodAccessorImpl.invoke(NativeMethodAccessorImpl.java:62)
	at sun.reflect.DelegatingMethodAccessorImpl.invoke(DelegatingMethodAccessorImpl.java:43)
	at java.lang.reflect.Method.invoke(Method.java:497)
[0m[[31mtrace[0m] [0mStack trace suppressed: run [34mlast dataNormalizer/compile:run[0m for the full output.[0m
java.lang.RuntimeException: Nonzero exit code: 1
	at scala.sys.package$.error(package.scala:27)
[0m[[31mtrace[0m] [0mStack trace suppressed: run [34mlast dataNormalizer/compile:run[0m for the full output.[0m
[0m[[31merror[0m] [0m(dataNormalizer/compile:[31mrun[0m) Nonzero exit code: 1[0m
[0m[[31merror[0m] [0mTotal time: 1 s, completed Dec 22, 2015 9:36:19 PM[0m
